<?xml version="1.0" encoding="UTF-8"?>
<!-- Generated by org.testng.reporters.JUnitXMLReporter -->
<testsuite ignored="0" hostname="INTELRS" failures="0" tests="9" name="Medhok App Test Cases" time="187.661" errors="0" timestamp="15 Jun 2018 07:03:40 GMT">
  <testcase classname="medhok.testCases.HomePageTest" name="logoTest" time="0.244"/>
  <testcase classname="medhok.testCases.HomePageTest" name="linkTest" time="0.186"/>
  <testcase classname="medhok.testCases.HomePageTest" name="dropdownTest" time="0.788"/>
  <testcase classname="medhok.testCases.HomePageTest" name="contactusTest" time="15.601"/>
  <testcase classname="medhok.testCases.HomePageTest" name="managementteamMenuTest" time="2.249"/>
  <testcase classname="medhok.testCases.HomePageTest" name="certificationsMenuTest" time="1.892"/>
  <testcase classname="medhok.testCases.HomePageTest" name="cultureMenuTest" time="1.85"/>
  <testcase classname="medhok.testCases.HomePageTest" name="careersMenuTest" time="2.741"/>
  <testcase classname="medhok.testCases.HomePageTest" name="serviceTermsMenuTest" time="3.398"/>
</testsuite> <!-- Medhok App Test Cases -->
