<?xml version="1.0" encoding="UTF-8"?>
<!-- Generated by org.testng.reporters.JUnitXMLReporter -->
<testsuite hostname="DESKTOP-KGOTE46" ignored="0" name="Medhok App Test Cases" tests="9" failures="0" timestamp="14 Jun 2018 15:54:34 GMT" time="297.416" errors="0">
  <testcase name="logoTest" time="0.372" classname="medhok.testCases.HomePageTest"/>
  <testcase name="linkTest" time="0.051" classname="medhok.testCases.HomePageTest"/>
  <testcase name="dropdownTest" time="0.568" classname="medhok.testCases.HomePageTest"/>
  <testcase name="contactusTest" time="15.751" classname="medhok.testCases.HomePageTest"/>
  <testcase name="managementteamMenuTest" time="2.17" classname="medhok.testCases.HomePageTest"/>
  <testcase name="certificationsMenuTest" time="2.977" classname="medhok.testCases.HomePageTest"/>
  <testcase name="cultureMenuTest" time="2.774" classname="medhok.testCases.HomePageTest"/>
  <testcase name="careersMenuTest" time="3.388" classname="medhok.testCases.HomePageTest"/>
  <testcase name="serviceTermsMenuTest" time="3.914" classname="medhok.testCases.HomePageTest"/>
</testsuite> <!-- Medhok App Test Cases -->
