<?xml version="1.0" encoding="UTF-8"?>
<!-- Generated by org.testng.reporters.JUnitXMLReporter -->
<testsuite hostname="DESKTOP-KGOTE46" ignored="0" name="Default test" tests="5" failures="0" timestamp="14 Jun 2018 11:29:39 GMT" time="89.409" errors="0">
  <testcase name="managementteamMenuTest" time="1.628" classname="medhok.testCases.HomePageTest"/>
  <testcase name="certificationsMenuTest" time="1.563" classname="medhok.testCases.HomePageTest"/>
  <testcase name="cultureMenuTest" time="2.067" classname="medhok.testCases.HomePageTest"/>
  <testcase name="careersMenuTest" time="2.935" classname="medhok.testCases.HomePageTest"/>
  <testcase name="serviceTermsMenuTest" time="2.936" classname="medhok.testCases.HomePageTest"/>
</testsuite> <!-- Default test -->
